
> docs@0.0.0 build /Users/lukas/code/test-projects/gh-sentry-javascript-8325-sveltekit-sourcemaps-turborepo/apps/docs
> vite build

▲ [WARNING] Cannot find base config file "./.svelte-kit/tsconfig.json" [tsconfig.json]

    tsconfig.json:2:13:
      2 │   "extends": "./.svelte-kit/tsconfig.json",
        ╵              ~~~~~~~~~~~~~~~~~~~~~~~~~~~~~


vite v4.2.1 building SSR bundle for production...
transforming...
✓ 62 modules transformed.
rendering chunks...

vite v4.2.1 building for production...
transforming...
✓ 42 modules transformed.
rendering chunks...
computing gzip size...
.svelte-kit/output/client/_app/version.json                              0.03 kB
.svelte-kit/output/client/vite-manifest.json                             1.98 kB
.svelte-kit/output/client/_app/immutable/nodes/0.49ede574.js             0.55 kB │ gzip: 0.36 kB
.svelte-kit/output/client/_app/immutable/nodes/1.3090950d.js             0.98 kB │ gzip: 0.57 kB
.svelte-kit/output/client/_app/immutable/nodes/2.646444f4.js             1.41 kB │ gzip: 0.74 kB
.svelte-kit/output/client/_app/immutable/chunks/singletons.daa1a2d5.js   2.84 kB │ gzip: 1.46 kB
.svelte-kit/output/client/_app/immutable/entry/app.0add5d91.js           5.50 kB │ gzip: 2.19 kB
.svelte-kit/output/client/_app/immutable/chunks/index.33fbba09.js        7.15 kB │ gzip: 2.89 kB
.svelte-kit/output/client/_app/immutable/entry/start.2accd82b.js        23.99 kB │ gzip: 9.52 kB
✓ built in 297ms
.svelte-kit/output/server/vite-manifest.json                    1.73 kB
.svelte-kit/output/server/internal.js                           0.19 kB
.svelte-kit/output/server/entries/fallbacks/layout.svelte.js    0.24 kB
.svelte-kit/output/server/entries/pages/_page.svelte.js         0.59 kB
.svelte-kit/output/server/entries/fallbacks/error.svelte.js     0.89 kB
.svelte-kit/output/server/chunks/index.js                       3.27 kB
.svelte-kit/output/server/chunks/internal.js                    5.34 kB
.svelte-kit/output/server/index.js                            108.22 kB

Run npm run preview to preview your production build locally.

> Using @sveltejs/adapter-auto
  Could not detect a supported production environment. See https://kit.svelte.dev/docs/adapters to learn how to configure your app to run on the platform of your choosing
  ✔ done
✓ built in 973ms
